<?xml version="1.0" encoding="UTF-8"?>
<!-- Generated by org.testng.reporters.JUnitXMLReporter -->
<testsuite ignored="0" hostname="LAPTOP-07AOPQM7" failures="1" tests="5" name="All Test" time="66.517" errors="0" timestamp="2025-04-25T17:33:56 PDT">
  <testcase classname="com.qa.testcases.HomePageTest" name="homePageTitleTest" time="0.074"/>
  <testcase classname="com.qa.testcases.AccountLoginPageTest" name="loginTest" time="10.774"/>
  <testcase classname="com.qa.testcases.AccountLoginPageTest" name="loginTest" time="2.505"/>
  <testcase classname="com.qa.testcases.AccountLoginPageTest" name="loginTest" time="11.016">
    <failure type="java.lang.AssertionError" message="expected [Valid] but found [Invalid]">
      <![CDATA[java.lang.AssertionError: expected [Valid] but found [Invalid]
at com.qa.testcases.AccountLoginPageTest.loginTest(AccountLoginPageTest.java:63)
at java.base/java.util.ArrayList.forEach(ArrayList.java:1511)
... Removed 33 stack frames]]>
    </failure>
  </testcase> <!-- loginTest -->
  <testcase classname="com.qa.testcases.MyAccountPageTest" name="myAccountsPageTitleTest" time="2.025"/>
</testsuite> <!-- All Test -->
