<?xml version="1.0" encoding="UTF-8"?>
<!-- Generated by org.testng.reporters.JUnitXMLReporter -->
<testsuite ignored="0" hostname="LAPTOP-07AOPQM7" failures="3" tests="4" name="Chrome Test" time="36.555" errors="0" timestamp="2025-04-27T01:05:42 PDT">
  <testcase classname="com.qa.testcases.TC02_LoginPageTest" name="loginPageTitleTest" time="3.662"/>
  <testcase classname="com.qa.testcases.TC02_LoginPageTest" name="loginTest" time="4.072">
    <failure type="java.lang.AssertionError" message="expected [Valid] but found [Invalid]">
      <![CDATA[java.lang.AssertionError: expected [Valid] but found [Invalid]
at com.qa.testcases.TC02_LoginPageTest.loginTest(TC02_LoginPageTest.java:70)
at java.base/java.util.ArrayList.forEach(ArrayList.java:1511)
... Removed 33 stack frames]]>
    </failure>
  </testcase> <!-- loginTest -->
  <testcase classname="com.qa.testcases.TC02_LoginPageTest" name="loginTest" time="3.619">
    <failure type="java.lang.AssertionError" message="expected [Invalid] but found [Valid]">
      <![CDATA[java.lang.AssertionError: expected [Invalid] but found [Valid]
at com.qa.testcases.TC02_LoginPageTest.loginTest(TC02_LoginPageTest.java:66)
at java.base/java.util.ArrayList.forEach(ArrayList.java:1511)
... Removed 33 stack frames]]>
    </failure>
  </testcase> <!-- loginTest -->
  <testcase classname="com.qa.testcases.TC02_LoginPageTest" name="loginTest" time="3.402">
    <failure type="java.lang.AssertionError" message="expected [Valid] but found [Invalid]">
      <![CDATA[java.lang.AssertionError: expected [Valid] but found [Invalid]
at com.qa.testcases.TC02_LoginPageTest.loginTest(TC02_LoginPageTest.java:70)
at java.base/java.util.ArrayList.forEach(ArrayList.java:1511)
... Removed 33 stack frames]]>
    </failure>
  </testcase> <!-- loginTest -->
</testsuite> <!-- Chrome Test -->
